[2021-08-31 13:45:23]
truncate table Success!
insert data Success
success save json file
------------------------------------------------------------------------------------
[2021-08-31 13:45:27]
truncate table Success!
insert data Success
success save json file
------------------------------------------------------------------------------------
[2021-09-24 10:55:01]
truncate table Success!
insert data Success
success save json file
------------------------------------------------------------------------------------
[2021-09-24 11:00:01]
step 1 : truncate table Success!
step 2 : insert data Success
step 3 : success save json file
------------------------------------------------------------------------------------
[2021-09-25 06:00:01]
step 1 : truncate table Success!
step 2 : insert data Success
step 3 : success save json file
------------------------------------------------------------------------------------
[2021-09-26 06:00:01]
step 1 : truncate table Success!
step 2 : insert data Success
step 3 : success save json file
------------------------------------------------------------------------------------
[2021-09-27 06:00:01]
step 1 : truncate table Success!
step 2 : insert data Success
step 3 : success save json file
------------------------------------------------------------------------------------
[2021-09-28 06:00:01]
step 1 : truncate table Success!
step 2 : insert data Success
step 3 : success save json file
------------------------------------------------------------------------------------
[2021-09-29 06:00:01]
step 1 : truncate table Success!
step 2 : insert data Success
step 3 : success save json file
------------------------------------------------------------------------------------
[2021-09-29 13:08:03]
step 1 : truncate table Success!
step 2 : insert data Success
step 3 : success save json file
------------------------------------------------------------------------------------
[2021-09-29 13:11:01]
step 1 : truncate table Success!
step 2 : insert data Success
step 3 : success save json file
------------------------------------------------------------------------------------
